<?xml version="1.0" encoding="UTF-8"?>
<!-- Generated by org.testng.reporters.JUnitReportReporter -->
<testsuite hostname="LAPTOP-57DTDQLF" failures="0" tests="1" name="com.testCases.AddEmployeeDataPage" time="2.898" errors="0" timestamp="2024-10-07T10:41:38 IST" skipped="0">
  <testcase classname="com.testCases.AddEmployeeDataPage" name="logInApplication" time="2.898"/>
  <system-out/>
</testsuite> <!-- com.testCases.AddEmployeeDataPage -->
