<?xml version="1.0" encoding="UTF-8"?>
<!-- Generated by org.testng.reporters.JUnitReportReporter -->
<testsuite hostname="LAPTOP-57DTDQLF" failures="0" tests="1" name="com.testCases.AddEmployeeDataRunner" time="25.605" errors="0" timestamp="2024-10-09T18:14:22 IST" skipped="0">
  <testcase classname="com.testCases.AddEmployeeDataRunner" name="addEmployeeTitle" time="25.605"/>
  <system-out/>
</testsuite> <!-- com.testCases.AddEmployeeDataRunner -->
