<?xml version="1.0" encoding="UTF-8"?>
<!-- Generated by org.testng.reporters.JUnitReportReporter -->
<testsuite hostname="LAPTOP-57DTDQLF" failures="0" tests="1" name="com.testCases.AddEmployeeForm" time="2.169" errors="0" timestamp="2024-09-17T17:46:51 IST" skipped="0">
  <testcase classname="com.testCases.AddEmployeeForm" name="name" time="2.169"/>
  <system-out/>
</testsuite> <!-- com.testCases.AddEmployeeForm -->
